<?xml version='1.0' encoding='UTF-8'?>
<testsuite hostname="Kevins-MacBook-Pro.local" name="ProblemCheck" tests="3" errors="0" failures="0" skipped="0" time="0.051" timestamp="2020-01-20T20:29:45">
                     <properties>
[...]
</properties>
                     <testcase classname="ProblemCheck" name="Problem 1 with value of 10 should give the answer 23" time="0.04">
                                                 
                                               </testcase><testcase classname="ProblemCheck" name="Problem 2 with value of 4000000 should give the answer 4613732" time="0.008">
                                                 
                                               </testcase><testcase classname="ProblemCheck" name="Problem 3 with value of 13195 should give the answer 29" time="0.003">
                                                 
                                               </testcase>
                     <system-out><![CDATA[]]></system-out>
                     <system-err><![CDATA[]]></system-err>
                   </testsuite>