<?xml version='1.0' encoding='UTF-8'?>
<testsuite hostname="Kevins-MacBook-Pro.local" name="ProblemCheck" tests="2" errors="0" failures="0" skipped="0" time="0.056" timestamp="2020-01-20T00:04:15">
                     <properties>
[...]
</properties>
                     <testcase classname="ProblemCheck" name="Problem 1 with value of 10 should give the answer 23" time="0.051">
                                                 
                                               </testcase><testcase classname="ProblemCheck" name="Problem 2 with value of 4000000 should give the answer 4613732" time="0.005">
                                                 
                                               </testcase>
                     <system-out><![CDATA[]]></system-out>
                     <system-err><![CDATA[]]></system-err>
                   </testsuite>